<?xml version="1.0" encoding="UTF-8"?>
<!-- Generated by org.testng.reporters.JUnitXMLReporter -->
<testsuite ignored="0" hostname="DESKTOP-JD3KIL9" failures="1" tests="1" name="Default test(failed)" time="0.087" errors="0" timestamp="2023-03-29T13:43:17 IST">
  <testcase classname="testNGExecution.ActitimeValidLogin" name="validLogin" time="0.0">
    <failure type="org.testng.TestNGException" message="
Parameter &amp;apos;browser&amp;apos; is required by @Test on method validLogin but has not been marked @Optional or defined
in C:\Users\Admin\eclipse-wcse2workspace\wcse2seleniumproject\test-output\testng-failed.xml">
      <![CDATA[org.testng.TestNGException: 
Parameter 'browser' is required by @Test on method validLogin but has not been marked @Optional or defined
in C:\Users\Admin\eclipse-wcse2workspace\wcse2seleniumproject\test-output\testng-failed.xml
at java.base/java.util.ArrayList.forEach(ArrayList.java:1511)
... Removed 26 stack frames]]>
    </failure>
  </testcase> <!-- validLogin -->
</testsuite> <!-- Default test(failed) -->
